2020-02-27 14:28:07.592  INFO 1836 --- [main] cn.mars.Application                      : Starting Application on localhost with PID 1836 (/Users/baiyunpeng/MyWorkspace/java-demos/target/classes started by Mars in /Users/baiyunpeng/MyWorkspace/java-demos)
2020-02-27 14:28:07.596  INFO 1836 --- [main] cn.mars.Application                      : No active profile set, falling back to default profiles: default
2020-02-27 14:28:07.694  INFO 1836 --- [main] ationConfigEmbeddedWebApplicationContext : Refreshing org.springframework.boot.context.embedded.AnnotationConfigEmbeddedWebApplicationContext@264f218: startup date [Thu Feb 27 14:28:07 CST 2020]; root of context hierarchy
2020-02-27 14:28:08.753  INFO 1836 --- [main] .s.d.r.c.RepositoryConfigurationDelegate : Multiple Spring Data modules found, entering strict repository configuration mode!
2020-02-27 14:28:10.050  INFO 1836 --- [main] s.b.c.e.t.TomcatEmbeddedServletContainer : Tomcat initialized with port(s): 8080 (http)
2020-02-27 14:28:10.062  INFO 1836 --- [main] o.apache.catalina.core.StandardService   : Starting service [Tomcat]
2020-02-27 14:28:10.063  INFO 1836 --- [main] org.apache.catalina.core.StandardEngine  : Starting Servlet Engine: Apache Tomcat/8.5.20
2020-02-27 14:28:10.215  INFO 1836 --- [localhost-startStop-1] o.a.c.c.C.[Tomcat].[localhost].[/]       : Initializing Spring embedded WebApplicationContext
2020-02-27 14:28:10.215  INFO 1836 --- [localhost-startStop-1] o.s.web.context.ContextLoader            : Root WebApplicationContext: initialization completed in 2542 ms
2020-02-27 14:28:10.497  INFO 1836 --- [localhost-startStop-1] o.s.b.w.servlet.FilterRegistrationBean   : Mapping filter: 'characterEncodingFilter' to: [/*]
2020-02-27 14:28:10.498  INFO 1836 --- [localhost-startStop-1] o.s.b.w.servlet.FilterRegistrationBean   : Mapping filter: 'hiddenHttpMethodFilter' to: [/*]
2020-02-27 14:28:10.498  INFO 1836 --- [localhost-startStop-1] o.s.b.w.servlet.FilterRegistrationBean   : Mapping filter: 'httpPutFormContentFilter' to: [/*]
2020-02-27 14:28:10.498  INFO 1836 --- [localhost-startStop-1] o.s.b.w.servlet.FilterRegistrationBean   : Mapping filter: 'requestContextFilter' to: [/*]
2020-02-27 14:28:10.498  INFO 1836 --- [localhost-startStop-1] o.s.b.w.servlet.FilterRegistrationBean   : Mapping filter: 'LogCostFilter' to urls: [/*]
2020-02-27 14:28:10.498  INFO 1836 --- [localhost-startStop-1] o.s.b.w.servlet.ServletRegistrationBean  : Mapping servlet: 'dispatcherServlet' to [/]
2020-02-27 14:28:12.170  INFO 1836 --- [pool-1-thread-1] cn.mars.queue.thread.AsyncThread         : AsyncThread队列任务开始处理......
2020-02-27 14:28:12.173  INFO 1836 --- [main] cn.mars.sensitiveword.SensitiveWordUtil  : 开始初始化敏感词库...
2020-02-27 14:28:12.198  INFO 1836 --- [main] cn.mars.sensitiveword.SensitiveWordUtil  : 初始化敏感词库成功...
2020-02-27 14:28:12.702  INFO 1836 --- [main] s.w.s.m.m.a.RequestMappingHandlerAdapter : Looking for @ControllerAdvice: org.springframework.boot.context.embedded.AnnotationConfigEmbeddedWebApplicationContext@264f218: startup date [Thu Feb 27 14:28:07 CST 2020]; root of context hierarchy
2020-02-27 14:28:12.790  INFO 1836 --- [main] s.w.s.m.m.a.RequestMappingHandlerMapping : Mapped "{[/api/exception],methods=[GET]}" onto public java.lang.Object cn.mars.controller.APIController.exception()
2020-02-27 14:28:12.791  INFO 1836 --- [main] s.w.s.m.m.a.RequestMappingHandlerMapping : Mapped "{[/api/hello],methods=[GET]}" onto public java.lang.Object cn.mars.controller.APIController.hello()
2020-02-27 14:28:12.792  INFO 1836 --- [main] s.w.s.m.m.a.RequestMappingHandlerMapping : Mapped "{[/api/oom/{count}],methods=[GET]}" onto public java.lang.Object cn.mars.controller.APIController.oom(java.lang.Integer)
2020-02-27 14:28:12.799  INFO 1836 --- [main] s.w.s.m.m.a.RequestMappingHandlerMapping : Mapped "{[/],methods=[GET]}" onto public java.lang.String cn.mars.es.EsController.index()
2020-02-27 14:28:12.800  INFO 1836 --- [main] s.w.s.m.m.a.RequestMappingHandlerMapping : Mapped "{[/add/book/novel],methods=[POST]}" onto public org.springframework.http.ResponseEntity cn.mars.es.EsController.add(java.lang.String,java.lang.String,int,java.util.Date)
2020-02-27 14:28:12.800  INFO 1836 --- [main] s.w.s.m.m.a.RequestMappingHandlerMapping : Mapped "{[/update/book/novel],methods=[PUT]}" onto public org.springframework.http.ResponseEntity cn.mars.es.EsController.update(java.lang.String,java.lang.String,java.lang.String,java.lang.Integer,java.util.Date)
2020-02-27 14:28:12.800  INFO 1836 --- [main] s.w.s.m.m.a.RequestMappingHandlerMapping : Mapped "{[/delete/book/novel/{id}],methods=[DELETE]}" onto public org.springframework.http.ResponseEntity cn.mars.es.EsController.delete(java.lang.String)
2020-02-27 14:28:12.801  INFO 1836 --- [main] s.w.s.m.m.a.RequestMappingHandlerMapping : Mapped "{[/query/book/novel],methods=[POST]}" onto public org.springframework.http.ResponseEntity cn.mars.es.EsController.query(java.lang.String,java.lang.String,int,java.lang.Integer)
2020-02-27 14:28:12.801  INFO 1836 --- [main] s.w.s.m.m.a.RequestMappingHandlerMapping : Mapped "{[/book/novel/{id}],methods=[GET]}" onto public org.springframework.http.ResponseEntity cn.mars.es.EsController.search(java.lang.String)
2020-02-27 14:28:12.802  INFO 1836 --- [main] s.w.s.m.m.a.RequestMappingHandlerMapping : Mapped "{[/queue/add]}" onto public org.springframework.http.ResponseEntity cn.mars.queue.controller.QueueController.add(int)
2020-02-27 14:28:12.805  INFO 1836 --- [main] s.w.s.m.m.a.RequestMappingHandlerMapping : Mapped "{[/error]}" onto public org.springframework.http.ResponseEntity<java.util.Map<java.lang.String, java.lang.Object>> org.springframework.boot.autoconfigure.web.BasicErrorController.error(javax.servlet.http.HttpServletRequest)
2020-02-27 14:28:12.806  INFO 1836 --- [main] s.w.s.m.m.a.RequestMappingHandlerMapping : Mapped "{[/error],produces=[text/html]}" onto public org.springframework.web.servlet.ModelAndView org.springframework.boot.autoconfigure.web.BasicErrorController.errorHtml(javax.servlet.http.HttpServletRequest,javax.servlet.http.HttpServletResponse)
2020-02-27 14:28:12.851  INFO 1836 --- [main] o.s.w.s.handler.SimpleUrlHandlerMapping  : Mapped URL path [/webjars/**] onto handler of type [class org.springframework.web.servlet.resource.ResourceHttpRequestHandler]
2020-02-27 14:28:12.851  INFO 1836 --- [main] o.s.w.s.handler.SimpleUrlHandlerMapping  : Mapped URL path [/**] onto handler of type [class org.springframework.web.servlet.resource.ResourceHttpRequestHandler]
2020-02-27 14:28:12.873  INFO 1836 --- [main] .m.m.a.ExceptionHandlerExceptionResolver : Detected @ExceptionHandler methods in globalRestControllerAdvice
2020-02-27 14:28:12.899  INFO 1836 --- [main] o.s.w.s.handler.SimpleUrlHandlerMapping  : Mapped URL path [/**/favicon.ico] onto handler of type [class org.springframework.web.servlet.resource.ResourceHttpRequestHandler]
2020-02-27 14:28:13.495  INFO 1836 --- [main] o.s.j.e.a.AnnotationMBeanExporter        : Registering beans for JMX exposure on startup
2020-02-27 14:28:13.547  INFO 1836 --- [main] s.b.c.e.t.TomcatEmbeddedServletContainer : Tomcat started on port(s): 8080 (http)
2020-02-27 14:28:13.556  INFO 1836 --- [main] cn.mars.Application                      : Started Application in 6.455 seconds (JVM running for 7.09)
2020-02-27 14:28:29.213  INFO 1836 --- [http-nio-8080-exec-1] o.a.c.c.C.[Tomcat].[localhost].[/]       : Initializing Spring FrameworkServlet 'dispatcherServlet'
2020-02-27 14:28:29.213  INFO 1836 --- [http-nio-8080-exec-1] o.s.web.servlet.DispatcherServlet        : FrameworkServlet 'dispatcherServlet': initialization started
2020-02-27 14:28:29.238  INFO 1836 --- [http-nio-8080-exec-1] o.s.web.servlet.DispatcherServlet        : FrameworkServlet 'dispatcherServlet': initialization completed in 24 ms
2020-02-27 14:28:29.258  INFO 1836 --- [http-nio-8080-exec-1] c.m.a.interceptors.SimpleInterceptor     : SimpleInterceptor preHandle...
2020-02-27 14:28:29.259  INFO 1836 --- [http-nio-8080-exec-1] c.m.a.interceptors.GlobalInterceptor     : GlobalInterceptor preHandle...
2020-02-27 14:28:29.276  INFO 1836 --- [http-nio-8080-exec-1] cn.mars.aspect.WebLogAspect              : RESPONSE : hello
2020-02-27 14:28:29.276  INFO 1836 --- [http-nio-8080-exec-1] cn.mars.aspect.WebLogAspect              : SPEND TIME : 6
2020-02-27 14:28:29.290  INFO 1836 --- [http-nio-8080-exec-1] c.m.a.interceptors.GlobalInterceptor     : GlobalInterceptor postHandle...
2020-02-27 14:28:29.290  INFO 1836 --- [http-nio-8080-exec-1] c.m.a.interceptors.SimpleInterceptor     : SimpleInterceptor postHandle...
2020-02-27 14:28:29.290  INFO 1836 --- [http-nio-8080-exec-1] c.m.a.interceptors.GlobalInterceptor     : GlobalInterceptor afterCompletion...
2020-02-27 14:28:29.290  INFO 1836 --- [http-nio-8080-exec-1] c.m.a.interceptors.SimpleInterceptor     : SimpleInterceptor afterCompletion...
2020-02-27 14:28:29.292  INFO 1836 --- [http-nio-8080-exec-1] cn.mars.aspect.filters.LogCostFilter     : Execute cost= 42
2020-02-27 14:29:10.477  INFO 1836 --- [Thread-6] ationConfigEmbeddedWebApplicationContext : Closing org.springframework.boot.context.embedded.AnnotationConfigEmbeddedWebApplicationContext@264f218: startup date [Thu Feb 27 14:28:07 CST 2020]; root of context hierarchy
2020-02-27 14:29:10.479  INFO 1836 --- [Thread-6] o.s.j.e.a.AnnotationMBeanExporter        : Unregistering JMX-exposed beans on shutdown
