2020-03-04 14:22:44,478 [main] INFO  cn.mars.Application.logStarting(StartupInfoLogger.java:48) - Starting Application on localhost with PID 22161 (/Users/baiyunpeng/MyWorkspace/java-demos/target/classes started by Mars in /Users/baiyunpeng/MyWorkspace/java-demos)
2020-03-04 14:22:44,499 [main] INFO  cn.mars.Application.logStartupProfileInfo(SpringApplication.java:593) - No active profile set, falling back to default profiles: default
2020-03-04 14:22:44,597 [main] INFO  o.s.b.c.e.AnnotationConfigEmbeddedWebApplicationContext.prepareRefresh(AbstractApplicationContext.java:583) - Refreshing org.springframework.boot.context.embedded.AnnotationConfigEmbeddedWebApplicationContext@60410cd: startup date [Wed Mar 04 14:22:44 CST 2020]; root of context hierarchy
2020-03-04 14:22:45,537 [main] INFO  o.s.d.r.c.RepositoryConfigurationDelegate.multipleStoresDetected(RepositoryConfigurationDelegate.java:165) - Multiple Spring Data modules found, entering strict repository configuration mode!
2020-03-04 14:22:46,692 [main] INFO  o.s.b.c.e.t.TomcatEmbeddedServletContainer.initialize(TomcatEmbeddedServletContainer.java:89) - Tomcat initialized with port(s): 8080 (http)
2020-03-04 14:22:46,707 [main] INFO  o.a.catalina.core.StandardService.log(DirectJDKLog.java:179) - Starting service [Tomcat]
2020-03-04 14:22:46,708 [main] INFO  o.a.catalina.core.StandardEngine.log(DirectJDKLog.java:179) - Starting Servlet Engine: Apache Tomcat/8.5.20
2020-03-04 14:22:46,842 [localhost-startStop-1] INFO  o.a.c.c.C.[Tomcat].[localhost].[/].log(DirectJDKLog.java:179) - Initializing Spring embedded WebApplicationContext
2020-03-04 14:22:46,842 [localhost-startStop-1] INFO  o.s.web.context.ContextLoader.prepareEmbeddedWebApplicationContext(EmbeddedWebApplicationContext.java:276) - Root WebApplicationContext: initialization completed in 2245 ms
2020-03-04 14:22:47,080 [localhost-startStop-1] INFO  o.s.b.w.s.FilterRegistrationBean.configure(AbstractFilterRegistrationBean.java:258) - Mapping filter: 'characterEncodingFilter' to: [/*]
2020-03-04 14:22:47,081 [localhost-startStop-1] INFO  o.s.b.w.s.FilterRegistrationBean.configure(AbstractFilterRegistrationBean.java:258) - Mapping filter: 'hiddenHttpMethodFilter' to: [/*]
2020-03-04 14:22:47,081 [localhost-startStop-1] INFO  o.s.b.w.s.FilterRegistrationBean.configure(AbstractFilterRegistrationBean.java:258) - Mapping filter: 'httpPutFormContentFilter' to: [/*]
2020-03-04 14:22:47,082 [localhost-startStop-1] INFO  o.s.b.w.s.FilterRegistrationBean.configure(AbstractFilterRegistrationBean.java:258) - Mapping filter: 'requestContextFilter' to: [/*]
2020-03-04 14:22:47,082 [localhost-startStop-1] INFO  o.s.b.w.s.FilterRegistrationBean.configure(AbstractFilterRegistrationBean.java:271) - Mapping filter: 'LogCostFilter' to urls: [/*]
2020-03-04 14:22:47,082 [localhost-startStop-1] INFO  o.s.b.w.s.ServletRegistrationBean.onStartup(ServletRegistrationBean.java:190) - Mapping servlet: 'dispatcherServlet' to [/]
2020-03-04 14:22:48,977 [pool-2-thread-1] INFO  cn.mars.queue.thread.AsyncThread.run(AsyncThread.java:23) - AsyncThread队列任务开始处理......
2020-03-04 14:22:48,980 [main] INFO  c.m.sensitiveword.SensitiveWordUtil.initDictionary(SensitiveWordUtil.java:28) - 开始初始化敏感词库...
2020-03-04 14:22:49,008 [main] INFO  c.m.sensitiveword.SensitiveWordUtil.initDictionary(SensitiveWordUtil.java:41) - 初始化敏感词库成功...
2020-03-04 14:22:49,518 [main] INFO  o.s.w.s.m.m.a.RequestMappingHandlerAdapter.initControllerAdviceCache(RequestMappingHandlerAdapter.java:534) - Looking for @ControllerAdvice: org.springframework.boot.context.embedded.AnnotationConfigEmbeddedWebApplicationContext@60410cd: startup date [Wed Mar 04 14:22:44 CST 2020]; root of context hierarchy
2020-03-04 14:22:49,526 [main] INFO  o.s.w.s.m.m.a.RequestMappingHandlerAdapter.initControllerAdviceCache(RequestMappingHandlerAdapter.java:566) - Detected ResponseBodyAdvice bean in globalControllerAdvice
2020-03-04 14:22:49,601 [main] INFO  o.s.w.s.m.m.a.RequestMappingHandlerMapping.register(AbstractHandlerMethodMapping.java:543) - Mapped "{[/api/exception],methods=[GET]}" onto public java.lang.Object cn.mars.controller.APIController.exception()
2020-03-04 14:22:49,603 [main] INFO  o.s.w.s.m.m.a.RequestMappingHandlerMapping.register(AbstractHandlerMethodMapping.java:543) - Mapped "{[/api/hello],methods=[GET]}" onto public java.lang.Object cn.mars.controller.APIController.hello()
2020-03-04 14:22:49,604 [main] INFO  o.s.w.s.m.m.a.RequestMappingHandlerMapping.register(AbstractHandlerMethodMapping.java:543) - Mapped "{[/api/oom/{count}],methods=[GET]}" onto public java.lang.Object cn.mars.controller.APIController.oom(java.lang.Integer)
2020-03-04 14:22:49,610 [main] INFO  o.s.w.s.m.m.a.RequestMappingHandlerMapping.register(AbstractHandlerMethodMapping.java:543) - Mapped "{[/],methods=[GET]}" onto public java.lang.String cn.mars.es.EsController.index()
2020-03-04 14:22:49,610 [main] INFO  o.s.w.s.m.m.a.RequestMappingHandlerMapping.register(AbstractHandlerMethodMapping.java:543) - Mapped "{[/add/book/novel],methods=[POST]}" onto public org.springframework.http.ResponseEntity cn.mars.es.EsController.add(java.lang.String,java.lang.String,int,java.util.Date)
2020-03-04 14:22:49,610 [main] INFO  o.s.w.s.m.m.a.RequestMappingHandlerMapping.register(AbstractHandlerMethodMapping.java:543) - Mapped "{[/update/book/novel],methods=[PUT]}" onto public org.springframework.http.ResponseEntity cn.mars.es.EsController.update(java.lang.String,java.lang.String,java.lang.String,java.lang.Integer,java.util.Date)
2020-03-04 14:22:49,611 [main] INFO  o.s.w.s.m.m.a.RequestMappingHandlerMapping.register(AbstractHandlerMethodMapping.java:543) - Mapped "{[/delete/book/novel/{id}],methods=[DELETE]}" onto public org.springframework.http.ResponseEntity cn.mars.es.EsController.delete(java.lang.String)
2020-03-04 14:22:49,611 [main] INFO  o.s.w.s.m.m.a.RequestMappingHandlerMapping.register(AbstractHandlerMethodMapping.java:543) - Mapped "{[/query/book/novel],methods=[POST]}" onto public org.springframework.http.ResponseEntity cn.mars.es.EsController.query(java.lang.String,java.lang.String,int,java.lang.Integer)
2020-03-04 14:22:49,611 [main] INFO  o.s.w.s.m.m.a.RequestMappingHandlerMapping.register(AbstractHandlerMethodMapping.java:543) - Mapped "{[/book/novel/{id}],methods=[GET]}" onto public org.springframework.http.ResponseEntity cn.mars.es.EsController.search(java.lang.String)
2020-03-04 14:22:49,612 [main] INFO  o.s.w.s.m.m.a.RequestMappingHandlerMapping.register(AbstractHandlerMethodMapping.java:543) - Mapped "{[/queue/add]}" onto public org.springframework.http.ResponseEntity cn.mars.queue.controller.QueueController.add(int)
2020-03-04 14:22:49,613 [main] INFO  o.s.w.s.m.m.a.RequestMappingHandlerMapping.register(AbstractHandlerMethodMapping.java:543) - Mapped "{[/error]}" onto public org.springframework.http.ResponseEntity<java.util.Map<java.lang.String, java.lang.Object>> org.springframework.boot.autoconfigure.web.BasicErrorController.error(javax.servlet.http.HttpServletRequest)
2020-03-04 14:22:49,614 [main] INFO  o.s.w.s.m.m.a.RequestMappingHandlerMapping.register(AbstractHandlerMethodMapping.java:543) - Mapped "{[/error],produces=[text/html]}" onto public org.springframework.web.servlet.ModelAndView org.springframework.boot.autoconfigure.web.BasicErrorController.errorHtml(javax.servlet.http.HttpServletRequest,javax.servlet.http.HttpServletResponse)
2020-03-04 14:22:49,663 [main] INFO  o.s.w.s.h.SimpleUrlHandlerMapping.registerHandler(AbstractUrlHandlerMapping.java:362) - Mapped URL path [/webjars/**] onto handler of type [class org.springframework.web.servlet.resource.ResourceHttpRequestHandler]
2020-03-04 14:22:49,663 [main] INFO  o.s.w.s.h.SimpleUrlHandlerMapping.registerHandler(AbstractUrlHandlerMapping.java:362) - Mapped URL path [/**] onto handler of type [class org.springframework.web.servlet.resource.ResourceHttpRequestHandler]
2020-03-04 14:22:49,683 [main] INFO  o.s.w.s.m.m.a.ExceptionHandlerExceptionResolver.initExceptionHandlerAdviceCache(ExceptionHandlerExceptionResolver.java:279) - Detected ResponseBodyAdvice implementation in globalControllerAdvice
2020-03-04 14:22:49,683 [main] INFO  o.s.w.s.m.m.a.ExceptionHandlerExceptionResolver.initExceptionHandlerAdviceCache(ExceptionHandlerExceptionResolver.java:273) - Detected @ExceptionHandler methods in globalExceptionHandler
2020-03-04 14:22:49,684 [main] INFO  o.s.w.s.m.m.a.ExceptionHandlerExceptionResolver.initExceptionHandlerAdviceCache(ExceptionHandlerExceptionResolver.java:273) - Detected @ExceptionHandler methods in globalRestControllerAdvice
2020-03-04 14:22:49,711 [main] INFO  o.s.w.s.h.SimpleUrlHandlerMapping.registerHandler(AbstractUrlHandlerMapping.java:362) - Mapped URL path [/**/favicon.ico] onto handler of type [class org.springframework.web.servlet.resource.ResourceHttpRequestHandler]
2020-03-04 14:22:50,277 [main] INFO  o.s.j.e.a.AnnotationMBeanExporter.afterSingletonsInstantiated(MBeanExporter.java:431) - Registering beans for JMX exposure on startup
2020-03-04 14:22:50,328 [main] INFO  o.s.b.c.e.t.TomcatEmbeddedServletContainer.start(TomcatEmbeddedServletContainer.java:201) - Tomcat started on port(s): 8080 (http)
2020-03-04 14:22:50,336 [main] INFO  cn.mars.Application.logStarted(StartupInfoLogger.java:57) - Started Application in 6.961 seconds (JVM running for 7.931)
2020-03-04 14:23:35,701 [Thread-6] INFO  o.s.b.c.e.AnnotationConfigEmbeddedWebApplicationContext.doClose(AbstractApplicationContext.java:984) - Closing org.springframework.boot.context.embedded.AnnotationConfigEmbeddedWebApplicationContext@60410cd: startup date [Wed Mar 04 14:22:44 CST 2020]; root of context hierarchy
2020-03-04 14:23:35,703 [Thread-6] INFO  o.s.j.e.a.AnnotationMBeanExporter.destroy(MBeanExporter.java:449) - Unregistering JMX-exposed beans on shutdown
2020-03-04 17:45:03,324 [main] INFO  cn.mars.Application.logStarting(StartupInfoLogger.java:48) - Starting Application on localhost with PID 28835 (/Users/baiyunpeng/MyWorkspace/java-demos/target/classes started by Mars in /Users/baiyunpeng/MyWorkspace/java-demos)
2020-03-04 17:45:03,332 [main] INFO  cn.mars.Application.logStartupProfileInfo(SpringApplication.java:593) - No active profile set, falling back to default profiles: default
2020-03-04 17:45:03,460 [main] INFO  o.s.b.c.e.AnnotationConfigEmbeddedWebApplicationContext.prepareRefresh(AbstractApplicationContext.java:583) - Refreshing org.springframework.boot.context.embedded.AnnotationConfigEmbeddedWebApplicationContext@1e44b638: startup date [Wed Mar 04 17:45:03 CST 2020]; root of context hierarchy
2020-03-04 17:45:04,520 [main] INFO  o.s.d.r.c.RepositoryConfigurationDelegate.multipleStoresDetected(RepositoryConfigurationDelegate.java:165) - Multiple Spring Data modules found, entering strict repository configuration mode!
2020-03-04 17:45:05,800 [main] INFO  o.s.b.c.e.t.TomcatEmbeddedServletContainer.initialize(TomcatEmbeddedServletContainer.java:89) - Tomcat initialized with port(s): 8080 (http)
2020-03-04 17:45:05,815 [main] INFO  o.a.catalina.core.StandardService.log(DirectJDKLog.java:179) - Starting service [Tomcat]
2020-03-04 17:45:05,817 [main] INFO  o.a.catalina.core.StandardEngine.log(DirectJDKLog.java:179) - Starting Servlet Engine: Apache Tomcat/8.5.20
2020-03-04 17:45:05,959 [localhost-startStop-1] INFO  o.a.c.c.C.[Tomcat].[localhost].[/].log(DirectJDKLog.java:179) - Initializing Spring embedded WebApplicationContext
2020-03-04 17:45:05,959 [localhost-startStop-1] INFO  o.s.web.context.ContextLoader.prepareEmbeddedWebApplicationContext(EmbeddedWebApplicationContext.java:276) - Root WebApplicationContext: initialization completed in 2499 ms
2020-03-04 17:45:06,223 [localhost-startStop-1] INFO  o.s.b.w.s.FilterRegistrationBean.configure(AbstractFilterRegistrationBean.java:258) - Mapping filter: 'characterEncodingFilter' to: [/*]
2020-03-04 17:45:06,224 [localhost-startStop-1] INFO  o.s.b.w.s.FilterRegistrationBean.configure(AbstractFilterRegistrationBean.java:258) - Mapping filter: 'hiddenHttpMethodFilter' to: [/*]
2020-03-04 17:45:06,224 [localhost-startStop-1] INFO  o.s.b.w.s.FilterRegistrationBean.configure(AbstractFilterRegistrationBean.java:258) - Mapping filter: 'httpPutFormContentFilter' to: [/*]
2020-03-04 17:45:06,225 [localhost-startStop-1] INFO  o.s.b.w.s.FilterRegistrationBean.configure(AbstractFilterRegistrationBean.java:258) - Mapping filter: 'requestContextFilter' to: [/*]
2020-03-04 17:45:06,225 [localhost-startStop-1] INFO  o.s.b.w.s.FilterRegistrationBean.configure(AbstractFilterRegistrationBean.java:271) - Mapping filter: 'LogCostFilter' to urls: [/*]
2020-03-04 17:45:06,225 [localhost-startStop-1] INFO  o.s.b.w.s.ServletRegistrationBean.onStartup(ServletRegistrationBean.java:190) - Mapping servlet: 'dispatcherServlet' to [/]
2020-03-04 17:45:08,020 [pool-1-thread-1] INFO  cn.mars.queue.thread.AsyncThread.run(AsyncThread.java:23) - AsyncThread队列任务开始处理......
2020-03-04 17:45:08,023 [main] INFO  c.m.sensitiveword.SensitiveWordUtil.initDictionary(SensitiveWordUtil.java:28) - 开始初始化敏感词库...
2020-03-04 17:45:08,050 [main] INFO  c.m.sensitiveword.SensitiveWordUtil.initDictionary(SensitiveWordUtil.java:41) - 初始化敏感词库成功...
2020-03-04 17:45:08,692 [main] INFO  o.s.w.s.m.m.a.RequestMappingHandlerAdapter.initControllerAdviceCache(RequestMappingHandlerAdapter.java:534) - Looking for @ControllerAdvice: org.springframework.boot.context.embedded.AnnotationConfigEmbeddedWebApplicationContext@1e44b638: startup date [Wed Mar 04 17:45:03 CST 2020]; root of context hierarchy
2020-03-04 17:45:08,701 [main] INFO  o.s.w.s.m.m.a.RequestMappingHandlerAdapter.initControllerAdviceCache(RequestMappingHandlerAdapter.java:566) - Detected ResponseBodyAdvice bean in globalControllerAdvice
2020-03-04 17:45:08,811 [main] INFO  o.s.w.s.m.m.a.RequestMappingHandlerMapping.register(AbstractHandlerMethodMapping.java:543) - Mapped "{[/api/oom/{count}],methods=[GET]}" onto public java.lang.Object cn.mars.controller.APIController.oom(java.lang.Integer)
2020-03-04 17:45:08,813 [main] INFO  o.s.w.s.m.m.a.RequestMappingHandlerMapping.register(AbstractHandlerMethodMapping.java:543) - Mapped "{[/api/hello],methods=[GET]}" onto public java.lang.Object cn.mars.controller.APIController.hello()
2020-03-04 17:45:08,814 [main] INFO  o.s.w.s.m.m.a.RequestMappingHandlerMapping.register(AbstractHandlerMethodMapping.java:543) - Mapped "{[/api/exception],methods=[GET]}" onto public java.lang.Object cn.mars.controller.APIController.exception()
2020-03-04 17:45:08,822 [main] INFO  o.s.w.s.m.m.a.RequestMappingHandlerMapping.register(AbstractHandlerMethodMapping.java:543) - Mapped "{[/],methods=[GET]}" onto public java.lang.String cn.mars.es.EsController.index()
2020-03-04 17:45:08,822 [main] INFO  o.s.w.s.m.m.a.RequestMappingHandlerMapping.register(AbstractHandlerMethodMapping.java:543) - Mapped "{[/add/book/novel],methods=[POST]}" onto public org.springframework.http.ResponseEntity cn.mars.es.EsController.add(java.lang.String,java.lang.String,int,java.util.Date)
2020-03-04 17:45:08,823 [main] INFO  o.s.w.s.m.m.a.RequestMappingHandlerMapping.register(AbstractHandlerMethodMapping.java:543) - Mapped "{[/update/book/novel],methods=[PUT]}" onto public org.springframework.http.ResponseEntity cn.mars.es.EsController.update(java.lang.String,java.lang.String,java.lang.String,java.lang.Integer,java.util.Date)
2020-03-04 17:45:08,824 [main] INFO  o.s.w.s.m.m.a.RequestMappingHandlerMapping.register(AbstractHandlerMethodMapping.java:543) - Mapped "{[/delete/book/novel/{id}],methods=[DELETE]}" onto public org.springframework.http.ResponseEntity cn.mars.es.EsController.delete(java.lang.String)
2020-03-04 17:45:08,824 [main] INFO  o.s.w.s.m.m.a.RequestMappingHandlerMapping.register(AbstractHandlerMethodMapping.java:543) - Mapped "{[/query/book/novel],methods=[POST]}" onto public org.springframework.http.ResponseEntity cn.mars.es.EsController.query(java.lang.String,java.lang.String,int,java.lang.Integer)
2020-03-04 17:45:08,825 [main] INFO  o.s.w.s.m.m.a.RequestMappingHandlerMapping.register(AbstractHandlerMethodMapping.java:543) - Mapped "{[/book/novel/{id}],methods=[GET]}" onto public org.springframework.http.ResponseEntity cn.mars.es.EsController.search(java.lang.String)
2020-03-04 17:45:08,826 [main] INFO  o.s.w.s.m.m.a.RequestMappingHandlerMapping.register(AbstractHandlerMethodMapping.java:543) - Mapped "{[/queue/add]}" onto public org.springframework.http.ResponseEntity cn.mars.queue.controller.QueueController.add(int)
2020-03-04 17:45:08,829 [main] INFO  o.s.w.s.m.m.a.RequestMappingHandlerMapping.register(AbstractHandlerMethodMapping.java:543) - Mapped "{[/error]}" onto public org.springframework.http.ResponseEntity<java.util.Map<java.lang.String, java.lang.Object>> org.springframework.boot.autoconfigure.web.BasicErrorController.error(javax.servlet.http.HttpServletRequest)
2020-03-04 17:45:08,830 [main] INFO  o.s.w.s.m.m.a.RequestMappingHandlerMapping.register(AbstractHandlerMethodMapping.java:543) - Mapped "{[/error],produces=[text/html]}" onto public org.springframework.web.servlet.ModelAndView org.springframework.boot.autoconfigure.web.BasicErrorController.errorHtml(javax.servlet.http.HttpServletRequest,javax.servlet.http.HttpServletResponse)
2020-03-04 17:45:08,891 [main] INFO  o.s.w.s.h.SimpleUrlHandlerMapping.registerHandler(AbstractUrlHandlerMapping.java:362) - Mapped URL path [/webjars/**] onto handler of type [class org.springframework.web.servlet.resource.ResourceHttpRequestHandler]
2020-03-04 17:45:08,891 [main] INFO  o.s.w.s.h.SimpleUrlHandlerMapping.registerHandler(AbstractUrlHandlerMapping.java:362) - Mapped URL path [/**] onto handler of type [class org.springframework.web.servlet.resource.ResourceHttpRequestHandler]
2020-03-04 17:45:08,918 [main] INFO  o.s.w.s.m.m.a.ExceptionHandlerExceptionResolver.initExceptionHandlerAdviceCache(ExceptionHandlerExceptionResolver.java:279) - Detected ResponseBodyAdvice implementation in globalControllerAdvice
2020-03-04 17:45:08,919 [main] INFO  o.s.w.s.m.m.a.ExceptionHandlerExceptionResolver.initExceptionHandlerAdviceCache(ExceptionHandlerExceptionResolver.java:273) - Detected @ExceptionHandler methods in globalExceptionHandler
2020-03-04 17:45:08,919 [main] INFO  o.s.w.s.m.m.a.ExceptionHandlerExceptionResolver.initExceptionHandlerAdviceCache(ExceptionHandlerExceptionResolver.java:273) - Detected @ExceptionHandler methods in globalRestControllerAdvice
2020-03-04 17:45:08,955 [main] INFO  o.s.w.s.h.SimpleUrlHandlerMapping.registerHandler(AbstractUrlHandlerMapping.java:362) - Mapped URL path [/**/favicon.ico] onto handler of type [class org.springframework.web.servlet.resource.ResourceHttpRequestHandler]
2020-03-04 17:45:09,611 [main] INFO  o.s.j.e.a.AnnotationMBeanExporter.afterSingletonsInstantiated(MBeanExporter.java:431) - Registering beans for JMX exposure on startup
2020-03-04 17:45:09,664 [main] INFO  o.s.b.c.e.t.TomcatEmbeddedServletContainer.start(TomcatEmbeddedServletContainer.java:201) - Tomcat started on port(s): 8080 (http)
2020-03-04 17:45:09,671 [main] INFO  cn.mars.Application.logStarted(StartupInfoLogger.java:57) - Started Application in 6.968 seconds (JVM running for 7.615)
2020-03-04 18:23:45,850 [Thread-6] INFO  o.s.b.c.e.AnnotationConfigEmbeddedWebApplicationContext.doClose(AbstractApplicationContext.java:984) - Closing org.springframework.boot.context.embedded.AnnotationConfigEmbeddedWebApplicationContext@1e44b638: startup date [Wed Mar 04 17:45:03 CST 2020]; root of context hierarchy
2020-03-04 18:23:45,854 [Thread-6] INFO  o.s.j.e.a.AnnotationMBeanExporter.destroy(MBeanExporter.java:449) - Unregistering JMX-exposed beans on shutdown
